app/build/intermediates/manifest_merge_blame_file/release/manifest-merger-blame-release-report.txt
1<?xml version="1.0" encoding="utf-8"?>
2<manifest xmlns:android="http://schemas.android.com/apk/res/android"
3    package="com.ticketpro.parking"
4    android:versionCode="50"
5    android:versionName="6.0.7" >
6
7    <uses-sdk
8        android:minSdkVersion="26"
9        android:targetSdkVersion="29" />
10
11    <permission
11-->src/main/AndroidManifest.xml:6:5-9:44
12        android:name="android.permission.FLASHLIGHT"
12-->src/main/AndroidManifest.xml:7:9-53
13        android:permissionGroup="android.permission-group.HARDWARE_CONTROLS"
13-->src/main/AndroidManifest.xml:8:9-77
14        android:protectionLevel="normal" />
14-->src/main/AndroidManifest.xml:9:9-41
15    <permission
15-->src/main/AndroidManifest.xml:10:5-12:47
16        android:name="com.ticketpro.parking.permission.C2D_MESSAGE"
16-->src/main/AndroidManifest.xml:11:9-68
17        android:protectionLevel="signature" />
17-->src/main/AndroidManifest.xml:12:9-44
18    <permission
18-->src/main/AndroidManifest.xml:13:5-15:47
19        android:name="com.ticketpro.parking.permission.MAPS_RECEIVE"
19-->src/main/AndroidManifest.xml:14:9-69
20        android:protectionLevel="signature" />
20-->src/main/AndroidManifest.xml:15:9-44
21
22    <uses-feature
22-->src/main/AndroidManifest.xml:17:5-19:36
23        android:name="android.hardware.camera2"
23-->src/main/AndroidManifest.xml:18:9-48
24        android:required="false" />
24-->src/main/AndroidManifest.xml:19:9-33
25    <uses-feature
25-->src/main/AndroidManifest.xml:20:5-22:36
26        android:name="android.hardware.camera"
26-->src/main/AndroidManifest.xml:21:9-47
27        android:required="true" />
27-->src/main/AndroidManifest.xml:22:9-33
28    <uses-feature
28-->src/main/AndroidManifest.xml:23:5-25:36
29        android:name="android.hardware.camera.autofocus"
29-->src/main/AndroidManifest.xml:24:9-57
30        android:required="false" />
30-->src/main/AndroidManifest.xml:25:9-33
31    <uses-feature
31-->src/main/AndroidManifest.xml:26:5-28:36
32        android:name="android.hardware.camera.flash"
32-->src/main/AndroidManifest.xml:27:9-53
33        android:required="false" />
33-->src/main/AndroidManifest.xml:28:9-33
34    <uses-feature android:name="android.hardware.camera.front" />
34-->src/main/AndroidManifest.xml:29:5-66
34-->src/main/AndroidManifest.xml:29:19-63
35    <uses-feature
35-->src/main/AndroidManifest.xml:30:5-32:35
36        android:glEsVersion="0x00020000"
36-->src/main/AndroidManifest.xml:31:9-41
37        android:required="true" />
37-->src/main/AndroidManifest.xml:32:9-32
38
39    <uses-permission android:name="android.permission.INTERNET" />
39-->src/main/AndroidManifest.xml:34:5-67
39-->src/main/AndroidManifest.xml:34:22-64
40    <uses-permission android:name="android.permission.BLUETOOTH" />
40-->src/main/AndroidManifest.xml:35:5-68
40-->src/main/AndroidManifest.xml:35:22-65
41    <uses-permission android:name="android.permission.BLUETOOTH_ADMIN" />
41-->src/main/AndroidManifest.xml:36:5-74
41-->src/main/AndroidManifest.xml:36:22-71
42    <uses-permission android:name="android.permission.READ_PHONE_STATE" />
42-->src/main/AndroidManifest.xml:37:5-75
42-->src/main/AndroidManifest.xml:37:22-72
43    <uses-permission android:name="android.Manifest.permission.READ_PRIVILEGED_PHONE_STATE" />
43-->src/main/AndroidManifest.xml:38:5-95
43-->src/main/AndroidManifest.xml:38:22-92
44    <uses-permission android:name="android.permission.FOREGROUND_SERVICE" />
44-->src/main/AndroidManifest.xml:39:5-77
44-->src/main/AndroidManifest.xml:39:22-74
45    <uses-permission android:name="android.permission.ACCESS_NETWORK_STATE" />
45-->src/main/AndroidManifest.xml:40:5-79
45-->src/main/AndroidManifest.xml:40:22-76
46    <uses-permission android:name="android.permission.ACCESS_FINE_LOCATION" />
46-->src/main/AndroidManifest.xml:41:5-79
46-->src/main/AndroidManifest.xml:41:22-76
47    <uses-permission android:name="android.permission.ACCESS_COARSE_LOCATION" />
47-->src/main/AndroidManifest.xml:42:5-81
47-->src/main/AndroidManifest.xml:42:22-78
48    <uses-permission android:name="android.permission.ACCESS_WIFI_STATE" />
48-->src/main/AndroidManifest.xml:43:5-76
48-->src/main/AndroidManifest.xml:43:22-73
49    <uses-permission android:name="android.permission.CAMERA" />
49-->src/main/AndroidManifest.xml:44:5-65
49-->src/main/AndroidManifest.xml:44:22-62
50    <uses-permission android:name="android.permission.READ_PRIVILEGED_PHONE_STATE" />
50-->src/main/AndroidManifest.xml:45:5-47:47
50-->src/main/AndroidManifest.xml:46:9-70
51    <uses-permission android:name="android.permission.RECEIVE_BOOT_COMPLETED" />
51-->src/main/AndroidManifest.xml:48:5-81
51-->src/main/AndroidManifest.xml:48:22-78
52    <uses-permission android:name="android.permission.RECORD_AUDIO" />
52-->src/main/AndroidManifest.xml:49:5-71
52-->src/main/AndroidManifest.xml:49:22-68
53    <uses-permission android:name="android.permission.FLASHLIGHT" />
53-->src/main/AndroidManifest.xml:50:5-69
53-->src/main/AndroidManifest.xml:50:22-66
54    <uses-permission android:name="android.permission.VIBRATE" /> <!-- Sync Adapter Permissions -->
54-->src/main/AndroidManifest.xml:51:5-66
54-->src/main/AndroidManifest.xml:51:22-63
55    <uses-permission android:name="android.permission.GET_TASKS" />
55-->src/main/AndroidManifest.xml:52:5-68
55-->src/main/AndroidManifest.xml:52:22-65
56    <uses-permission android:name="android.permission.CALL_PHONE" />
56-->src/main/AndroidManifest.xml:53:5-69
56-->src/main/AndroidManifest.xml:53:22-66
57    <uses-permission android:name="com.android.launcher.permission.INSTALL_SHORTCUT" /> <!-- Permissions for GCM -->
57-->src/main/AndroidManifest.xml:54:5-88
57-->src/main/AndroidManifest.xml:54:22-85
58    <uses-permission android:name="com.android.launcher.permission.UNINSTALL_SHORTCUT" />
58-->src/main/AndroidManifest.xml:55:5-90
58-->src/main/AndroidManifest.xml:55:22-87
59    <uses-permission android:name="android.permission.BROADCAST_PACKAGE_ADDED" />
59-->src/main/AndroidManifest.xml:56:5-82
59-->src/main/AndroidManifest.xml:56:22-79
60    <uses-permission android:name="android.permission.BROADCAST_PACKAGE_CHANGED" />
60-->src/main/AndroidManifest.xml:57:5-84
60-->src/main/AndroidManifest.xml:57:22-81
61    <uses-permission android:name="android.permission.BROADCAST_PACKAGE_INSTALL" />
61-->src/main/AndroidManifest.xml:58:5-84
61-->src/main/AndroidManifest.xml:58:22-81
62    <uses-permission android:name="android.permission.BROADCAST_PACKAGE_REPLACED" />
62-->src/main/AndroidManifest.xml:59:5-85
62-->src/main/AndroidManifest.xml:59:22-82
63    <uses-permission android:name="android.permission.READ_INTERNAL_STORAGE" />
63-->src/main/AndroidManifest.xml:60:5-80
63-->src/main/AndroidManifest.xml:60:22-77
64    <uses-permission android:name="android.permission.WRITE_SYNC_SETTINGS" />
64-->src/main/AndroidManifest.xml:61:5-78
64-->src/main/AndroidManifest.xml:61:22-75
65    <uses-permission android:name="android.permission.READ_SYNC_SETTINGS" />
65-->src/main/AndroidManifest.xml:62:5-77
65-->src/main/AndroidManifest.xml:62:22-74
66    <uses-permission android:name="android.permission.READ_SYNC_STATS" />
66-->src/main/AndroidManifest.xml:63:5-74
66-->src/main/AndroidManifest.xml:63:22-71
67    <uses-permission android:name="android.permission.AUTHENTICATE_ACCOUNTS" />
67-->src/main/AndroidManifest.xml:64:5-80
67-->src/main/AndroidManifest.xml:64:22-77
68    <uses-permission android:name="android.permission.GET_ACCOUNTS" /> <!-- GoogleMaps V2 -->
68-->src/main/AndroidManifest.xml:65:5-71
68-->src/main/AndroidManifest.xml:65:22-68
69    <uses-permission android:name="android.permission.WAKE_LOCK" />
69-->src/main/AndroidManifest.xml:66:5-68
69-->src/main/AndroidManifest.xml:66:22-65
70    <uses-permission android:name="com.google.android.c2dm.permission.RECEIVE" />
70-->src/main/AndroidManifest.xml:67:5-82
70-->src/main/AndroidManifest.xml:67:22-79
71    <uses-permission android:name="com.ticketpro.parking.permission.C2D_MESSAGE" />
71-->src/main/AndroidManifest.xml:68:5-84
71-->src/main/AndroidManifest.xml:68:22-81
72    <uses-permission android:name="com.ticketpro.parking.permission.MAPS_RECEIVE" />
72-->src/main/AndroidManifest.xml:69:5-85
72-->src/main/AndroidManifest.xml:69:22-82
73    <uses-permission android:name="com.google.android.providers.gsf.permission.READ_GSERVICES" />
73-->src/main/AndroidManifest.xml:70:5-98
73-->src/main/AndroidManifest.xml:70:22-95
74    <uses-permission android:name="android.permission.READ_EXTERNAL_STORAGE" />
74-->src/main/AndroidManifest.xml:71:5-80
74-->src/main/AndroidManifest.xml:71:22-77
75    <uses-permission android:name="android.permission.REQUEST_INSTALL_PACKAGES" />
75-->src/main/AndroidManifest.xml:72:5-83
75-->src/main/AndroidManifest.xml:72:22-80
76    <uses-permission android:name="android.permission.WRITE_EXTERNAL_STORAGE" />
76-->src/main/AndroidManifest.xml:73:5-75:40
76-->src/main/AndroidManifest.xml:74:9-65
77    <uses-permission android:name="android.permission.MANAGE_EXTERNAL_STORAGE" />
77-->src/main/AndroidManifest.xml:76:5-78:40
77-->src/main/AndroidManifest.xml:77:9-66
78    <uses-permission android:name="android.permission.READ_CONTACTS" />
78-->[:zXingLibrary] AndroidManifest.xml:29:5-72
78-->[:zXingLibrary] AndroidManifest.xml:29:22-69
79    <uses-permission android:name="com.android.browser.permission.READ_HISTORY_BOOKMARKS" />
79-->[:zXingLibrary] AndroidManifest.xml:30:5-93
79-->[:zXingLibrary] AndroidManifest.xml:30:22-90
80    <uses-permission android:name="android.permission.CHANGE_WIFI_STATE" />
80-->[:zXingLibrary] AndroidManifest.xml:32:5-76
80-->[:zXingLibrary] AndroidManifest.xml:32:22-73
81
82    <uses-feature android:name="android.hardware.screen.landscape" />
82-->[:zXingLibrary] AndroidManifest.xml:50:5-70
82-->[:zXingLibrary] AndroidManifest.xml:50:19-67
83    <uses-feature
83-->[:zXingLibrary] AndroidManifest.xml:51:5-53:36
84        android:name="android.hardware.wifi"
84-->[:zXingLibrary] AndroidManifest.xml:52:9-45
85        android:required="false" /> <!-- This excludes Google TV, which is unfortunately included by virtue of not requiring a camera -->
85-->[:zXingLibrary] AndroidManifest.xml:53:9-33
86    <uses-feature android:name="android.hardware.touchscreen" /> <!-- TODO make this not required again after android.hardware.camera.any is available -->
86-->[:zXingLibrary] AndroidManifest.xml:55:5-65
86-->[:zXingLibrary] AndroidManifest.xml:55:19-62
87    <!-- Donut-specific flags which allow us to run on any dpi screens. -->
88    <supports-screens
88-->[:zXingLibrary] AndroidManifest.xml:60:5-65:40
89        android:anyDensity="true"
89-->[:zXingLibrary] AndroidManifest.xml:61:9-34
90        android:largeScreens="true"
90-->[:zXingLibrary] AndroidManifest.xml:62:9-36
91        android:normalScreens="true"
91-->[:zXingLibrary] AndroidManifest.xml:63:9-37
92        android:resizeable="true"
92-->[:pdf417ScanActivity] AndroidManifest.xml:14:9-34
93        android:smallScreens="true"
93-->[:zXingLibrary] AndroidManifest.xml:64:9-36
94        android:xlargeScreens="true" />
94-->[:zXingLibrary] AndroidManifest.xml:65:9-37
95
96    <uses-permission android:name="android.permission.READ_CALL_LOG" />
97
98    <uses-feature android:name="android.hardware.location.gps" />
98-->[:gpslibrary] AndroidManifest.xml:10:5-66
98-->[:gpslibrary] AndroidManifest.xml:10:19-63
99
100    <uses-permission android:name="android.permission.POST_NOTIFICATIONS" />
100-->[com.google.firebase:firebase-messaging:23.1.0] AndroidManifest.xml:25:5-77
100-->[com.google.firebase:firebase-messaging:23.1.0] AndroidManifest.xml:25:22-74
101
102    <queries>
102-->[com.google.android.gms:play-services-maps:18.2.0] AndroidManifest.xml:30:5-34:15
103
104        <!-- Needs to be explicitly declared on Android R+ -->
105        <package android:name="com.google.android.apps.maps" />
105-->[com.google.android.gms:play-services-maps:18.2.0] AndroidManifest.xml:33:9-64
105-->[com.google.android.gms:play-services-maps:18.2.0] AndroidManifest.xml:33:18-61
106    </queries>
107
108    <uses-permission android:name="com.google.android.gms.permission.AD_ID" />
108-->[com.google.android.gms:play-services-measurement-api:21.2.0] AndroidManifest.xml:25:5-79
108-->[com.google.android.gms:play-services-measurement-api:21.2.0] AndroidManifest.xml:25:22-76
109    <uses-permission android:name="com.google.android.finsky.permission.BIND_GET_INSTALL_REFERRER_SERVICE" />
109-->[com.google.android.gms:play-services-measurement:21.2.0] AndroidManifest.xml:26:5-110
109-->[com.google.android.gms:play-services-measurement:21.2.0] AndroidManifest.xml:26:22-107
110
111    <application
111-->src/main/AndroidManifest.xml:80:5-819:19
112        android:name="com.ticketpro.parking.activity.TPApplication"
112-->src/main/AndroidManifest.xml:81:9-47
113        android:allowBackup="false"
113-->src/main/AndroidManifest.xml:82:9-36
114        android:appComponentFactory="androidx.core.app.CoreComponentFactory"
114-->[androidx.core:core:1.8.0] AndroidManifest.xml:24:18-86
115        android:extractNativeLibs="false"
116        android:hardwareAccelerated="true"
116-->src/main/AndroidManifest.xml:83:9-43
117        android:icon="@drawable/icon"
117-->src/main/AndroidManifest.xml:84:9-38
118        android:label="@string/app_name"
118-->src/main/AndroidManifest.xml:85:9-41
119        android:largeHeap="true"
119-->src/main/AndroidManifest.xml:86:9-33
120        android:logo="@drawable/launcher_icon"
120-->[:zXingLibrary] AndroidManifest.xml:72:9-47
121        android:networkSecurityConfig="@xml/network_security_config"
121-->src/main/AndroidManifest.xml:90:9-69
122        android:requestLegacyExternalStorage="true"
122-->src/main/AndroidManifest.xml:87:9-52
123        android:supportsRtl="true"
123-->[com.gdacciaro:iosdialog:1.0.3] AndroidManifest.xml:14:9-35
124        android:usesCleartextTraffic="true" >
124-->src/main/AndroidManifest.xml:88:9-44
125
126        <!--
127         <meta-data android:name="io.sentry.dsn" android:value="https://d239e9c9f95c48a29a2db2061e69e0c1@o1191519.ingest.sentry.io/6312915" />
128        &lt;!&ndash; Set tracesSampleRate to 1.0 to capture 100% of transactions for performance monitoring.
129           We recommend adjusting this value in production. &ndash;&gt;
130        <meta-data android:name="io.sentry.traces.sample-rate" android:value="1.0" />
131        -->
132
133        <activity
133-->src/main/AndroidManifest.xml:100:12-104:15
134            android:name="com.ticketpro.syncbackup.syncactivity.NewSyncBackup"
134-->src/main/AndroidManifest.xml:101:13-79
135            android:exported="true"
135-->src/main/AndroidManifest.xml:102:13-36
136            android:theme="@style/Theme.AppCompat.NoActionBar" />
136-->src/main/AndroidManifest.xml:103:14-64
137        <activity
137-->src/main/AndroidManifest.xml:106:9-108:54
138            android:name="com.ticketpro.parking.activity.DeleteCustomComment"
138-->src/main/AndroidManifest.xml:107:13-57
139            android:screenOrientation="fullSensor" />
139-->src/main/AndroidManifest.xml:108:13-51
140        <activity
140-->src/main/AndroidManifest.xml:109:9-112:69
141            android:name="com.ticketpro.parking.activity.IDVerification"
141-->src/main/AndroidManifest.xml:110:13-52
142            android:screenOrientation="portrait"
142-->src/main/AndroidManifest.xml:111:13-49
143            android:theme="@android:style/Theme.Black.NoTitleBar" />
143-->src/main/AndroidManifest.xml:112:13-66
144        <activity
144-->src/main/AndroidManifest.xml:113:9-116:69
145            android:name="com.ticketpro.parking.activity.SpecilaMapActivity"
145-->src/main/AndroidManifest.xml:114:13-56
146            android:screenOrientation="portrait"
146-->src/main/AndroidManifest.xml:115:13-49
147            android:theme="@android:style/Theme.Black.NoTitleBar" />
147-->src/main/AndroidManifest.xml:116:13-66
148
149        <uses-library
149-->src/main/AndroidManifest.xml:118:9-120:40
150            android:name="org.apache.http.legacy"
150-->src/main/AndroidManifest.xml:119:13-50
151            android:required="false" />
151-->src/main/AndroidManifest.xml:120:13-37
152
153        <activity
153-->src/main/AndroidManifest.xml:122:9-125:69
154            android:name="com.ticketpro.parking.activity.EULAActivity"
154-->src/main/AndroidManifest.xml:123:13-50
155            android:screenOrientation="portrait"
155-->src/main/AndroidManifest.xml:124:13-49
156            android:theme="@android:style/Theme.Black.NoTitleBar" />
156-->src/main/AndroidManifest.xml:125:13-66
157        <activity
157-->src/main/AndroidManifest.xml:126:9-128:52
158            android:name="com.ticketpro.parking.activity.PermissionActivity"
158-->src/main/AndroidManifest.xml:127:13-56
159            android:screenOrientation="portrait" />
159-->src/main/AndroidManifest.xml:128:13-49
160        <activity
160-->src/main/AndroidManifest.xml:129:9-133:69
161            android:name="com.ticketpro.vendors.ParkeonControlGroup"
161-->src/main/AndroidManifest.xml:130:13-69
162            android:label="@string/app_name"
162-->src/main/AndroidManifest.xml:131:13-45
163            android:screenOrientation="portrait"
163-->src/main/AndroidManifest.xml:132:13-49
164            android:theme="@android:style/Theme.Black.NoTitleBar" />
164-->src/main/AndroidManifest.xml:133:13-66
165        <activity
165-->src/main/AndroidManifest.xml:135:9-139:69
166            android:name="com.ticketpro.vendors.GenetecPatrollerActivity"
166-->src/main/AndroidManifest.xml:136:13-74
167            android:label="@string/app_name"
167-->src/main/AndroidManifest.xml:137:13-45
168            android:screenOrientation="portrait"
168-->src/main/AndroidManifest.xml:138:13-49
169            android:theme="@android:style/Theme.Black.NoTitleBar" />
169-->src/main/AndroidManifest.xml:139:13-66
170        <!--
171         <meta-data
172             android:name="com.google.android.maps.v2.API_KEY"
173             android:value="AIzaSyAnN-jCYbjfbTihaDG4237rhHkas6VKcxo" />
174        -->
175        <service
175-->src/main/AndroidManifest.xml:145:9-148:72
176            android:name="com.ticketpro.parking.service.ParkingJobService"
176-->src/main/AndroidManifest.xml:146:13-75
177            android:label="Parking service"
177-->src/main/AndroidManifest.xml:147:13-44
178            android:permission="android.permission.BIND_JOB_SERVICE" />
178-->src/main/AndroidManifest.xml:148:13-69
179
180        <activity
180-->src/main/AndroidManifest.xml:150:9-160:20
181            android:name="com.ticketpro.parking.activity.SplashActivity"
181-->src/main/AndroidManifest.xml:151:13-52
182            android:label="@string/app_name"
182-->src/main/AndroidManifest.xml:152:13-45
183            android:screenOrientation="portrait"
183-->src/main/AndroidManifest.xml:153:13-49
184            android:theme="@android:style/Theme.Black.NoTitleBar" >
184-->src/main/AndroidManifest.xml:154:13-66
185            <intent-filter>
185-->src/main/AndroidManifest.xml:155:13-159:29
186                <action android:name="android.intent.action.MAIN" />
186-->src/main/AndroidManifest.xml:156:17-69
186-->src/main/AndroidManifest.xml:156:25-66
187
188                <category android:name="android.intent.category.LAUNCHER" />
188-->src/main/AndroidManifest.xml:158:17-77
188-->src/main/AndroidManifest.xml:158:27-74
189            </intent-filter>
190        </activity>
191
192        <meta-data
192-->src/main/AndroidManifest.xml:162:9-164:36
193            android:name="firebase_performance_logcat_enabled"
193-->src/main/AndroidManifest.xml:163:13-63
194            android:value="true" />
194-->src/main/AndroidManifest.xml:164:13-33
195        <!--
196            <meta-data
197            android:name="com.google.android.maps.v2.API_KEY"
198            android:value="@string/ticketproapp_gmail_map_api_key" />
199        -->
200        <!--
201            <meta-data
202            android:name="com.google.android.geo.API_KEY"
203            android:value="@string/ticketproapp_gmail_map_api_key"/>
204        -->
205        <service
205-->src/main/AndroidManifest.xml:175:9-178:72
206            android:name="com.ticketpro.parking.service.JobIntentServiceSaveTicket"
206-->src/main/AndroidManifest.xml:176:13-63
207            android:exported="true"
207-->src/main/AndroidManifest.xml:177:13-36
208            android:permission="android.permission.BIND_JOB_SERVICE" />
208-->src/main/AndroidManifest.xml:178:13-69
209        <service
209-->src/main/AndroidManifest.xml:180:9-183:72
210            android:name="com.ticketpro.parking.service.JobIntentServiceSaveChalk"
210-->src/main/AndroidManifest.xml:181:13-62
211            android:exported="true"
211-->src/main/AndroidManifest.xml:182:13-36
212            android:permission="android.permission.BIND_JOB_SERVICE" />
212-->src/main/AndroidManifest.xml:183:13-69
213        <service
213-->src/main/AndroidManifest.xml:184:9-187:72
214            android:name="com.ticketpro.parking.service.ServicePhotoPurge"
214-->src/main/AndroidManifest.xml:185:13-54
215            android:exported="true"
215-->src/main/AndroidManifest.xml:186:13-36
216            android:permission="android.permission.BIND_JOB_SERVICE" />
216-->src/main/AndroidManifest.xml:187:13-69
217
218        <activity
218-->src/main/AndroidManifest.xml:189:9-195:20
219            android:name="com.ticketpro.parking.activity.DummyActivity"
219-->src/main/AndroidManifest.xml:190:13-51
220            android:exported="true" >
220-->src/main/AndroidManifest.xml:191:13-36
221            <intent-filter>
221-->src/main/AndroidManifest.xml:192:13-194:29
222                <action android:name="android.intent.action.MAIN" />
222-->src/main/AndroidManifest.xml:156:17-69
222-->src/main/AndroidManifest.xml:156:25-66
223            </intent-filter>
224        </activity> <!-- GCM BroadcastReceiver and Services -->
225        <activity
225-->src/main/AndroidManifest.xml:196:9-200:53
226            android:name="com.ticketpro.parking.activity.HomeActivity"
226-->src/main/AndroidManifest.xml:197:13-50
227            android:label="@string/app_name"
227-->src/main/AndroidManifest.xml:198:13-45
228            android:screenOrientation="portrait"
228-->src/main/AndroidManifest.xml:199:13-49
229            android:theme="@style/TicketPROTheme" />
229-->src/main/AndroidManifest.xml:200:13-50
230        <activity
230-->src/main/AndroidManifest.xml:201:9-205:69
231            android:name="com.ticketpro.parking.activity.LoginSelectUserActivity"
231-->src/main/AndroidManifest.xml:202:13-61
232            android:label="@string/app_name"
232-->src/main/AndroidManifest.xml:203:13-45
233            android:screenOrientation="portrait"
233-->src/main/AndroidManifest.xml:204:13-49
234            android:theme="@android:style/Theme.Black.NoTitleBar" />
234-->src/main/AndroidManifest.xml:205:13-66
235        <activity
235-->src/main/AndroidManifest.xml:206:9-211:55
236            android:name="com.ticketpro.parking.activity.LoginUserPswdActivity"
236-->src/main/AndroidManifest.xml:207:13-59
237            android:label="@string/app_name"
237-->src/main/AndroidManifest.xml:208:13-45
238            android:screenOrientation="portrait"
238-->src/main/AndroidManifest.xml:209:13-49
239            android:theme="@android:style/Theme.Black.NoTitleBar"
239-->src/main/AndroidManifest.xml:210:13-66
240            android:windowSoftInputMode="adjustPan" />
240-->src/main/AndroidManifest.xml:211:13-52
241        <activity
241-->src/main/AndroidManifest.xml:212:9-217:58
242            android:name="com.ticketpro.parking.activity.LoginPasswordActivity"
242-->src/main/AndroidManifest.xml:213:13-59
243            android:label="@string/app_name"
243-->src/main/AndroidManifest.xml:214:13-45
244            android:screenOrientation="portrait"
244-->src/main/AndroidManifest.xml:215:13-49
245            android:theme="@android:style/Theme.Black.NoTitleBar"
245-->src/main/AndroidManifest.xml:216:13-66
246            android:windowSoftInputMode="stateVisible" />
246-->src/main/AndroidManifest.xml:217:13-55
247        <activity
247-->src/main/AndroidManifest.xml:218:9-222:69
248            android:name="com.ticketpro.parking.activity.TimeConfActivity"
248-->src/main/AndroidManifest.xml:219:13-54
249            android:label="@string/app_name"
249-->src/main/AndroidManifest.xml:220:13-45
250            android:screenOrientation="portrait"
250-->src/main/AndroidManifest.xml:221:13-49
251            android:theme="@android:style/Theme.Black.NoTitleBar" /> <!-- FCM SERVICE -->
251-->src/main/AndroidManifest.xml:222:13-66
252        <activity
252-->src/main/AndroidManifest.xml:223:9-227:69
253            android:name="com.ticketpro.parking.activity.DateConfActivity"
253-->src/main/AndroidManifest.xml:224:13-54
254            android:label="@string/app_name"
254-->src/main/AndroidManifest.xml:225:13-45
255            android:screenOrientation="portrait"
255-->src/main/AndroidManifest.xml:226:13-49
256            android:theme="@android:style/Theme.Black.NoTitleBar" />
256-->src/main/AndroidManifest.xml:227:13-66
257        <!--
258 <service
259             android:name=".service.GpsTrackingService"
260             android:enabled="true" />
261        -->
262        <activity
262-->src/main/AndroidManifest.xml:233:9-237:53
263            android:name="com.ticketpro.parking.activity.DayActivitiesActivity"
263-->src/main/AndroidManifest.xml:234:13-59
264            android:label="@string/app_name"
264-->src/main/AndroidManifest.xml:235:13-45
265            android:screenOrientation="portrait"
265-->src/main/AndroidManifest.xml:236:13-49
266            android:theme="@style/TicketPROTheme" />
266-->src/main/AndroidManifest.xml:237:13-50
267        <activity
267-->src/main/AndroidManifest.xml:238:9-244:55
268            android:name="com.ticketpro.parking.activity.WriteTicketActivity"
268-->src/main/AndroidManifest.xml:239:13-57
269            android:label="@string/app_name"
269-->src/main/AndroidManifest.xml:240:13-45
270            android:launchMode="standard"
270-->src/main/AndroidManifest.xml:241:13-42
271            android:screenOrientation="portrait"
271-->src/main/AndroidManifest.xml:242:13-49
272            android:theme="@android:style/Theme.Black.NoTitleBar"
272-->src/main/AndroidManifest.xml:243:13-66
273            android:windowSoftInputMode="adjustPan" />
273-->src/main/AndroidManifest.xml:244:13-52
274        <activity
274-->src/main/AndroidManifest.xml:245:9-249:69
275            android:name="com.ticketpro.parking.activity.MainActivity"
275-->src/main/AndroidManifest.xml:246:13-50
276            android:label="@string/app_name"
276-->src/main/AndroidManifest.xml:247:13-45
277            android:screenOrientation="portrait"
277-->src/main/AndroidManifest.xml:248:13-49
278            android:theme="@android:style/Theme.Black.NoTitleBar" />
278-->src/main/AndroidManifest.xml:249:13-66
279        <activity
279-->src/main/AndroidManifest.xml:250:9-254:69
280            android:name="com.ticketpro.parking.activity.ViolationsActivity"
280-->src/main/AndroidManifest.xml:251:13-56
281            android:label="@string/app_name"
281-->src/main/AndroidManifest.xml:252:13-45
282            android:screenOrientation="portrait"
282-->src/main/AndroidManifest.xml:253:13-49
283            android:theme="@android:style/Theme.Black.NoTitleBar" />
283-->src/main/AndroidManifest.xml:254:13-66
284        <activity
284-->src/main/AndroidManifest.xml:255:9-259:69
285            android:name="com.ticketpro.parking.activity.ChalkVehicleActivity"
285-->src/main/AndroidManifest.xml:256:13-58
286            android:label="@string/app_name"
286-->src/main/AndroidManifest.xml:257:13-45
287            android:screenOrientation="portrait"
287-->src/main/AndroidManifest.xml:258:13-49
288            android:theme="@android:style/Theme.Black.NoTitleBar" />
288-->src/main/AndroidManifest.xml:259:13-66
289        <activity
289-->src/main/AndroidManifest.xml:260:9-265:55
290            android:name="com.ticketpro.parking.activity.AddCommentActivity"
290-->src/main/AndroidManifest.xml:261:13-56
291            android:label="@string/app_name"
291-->src/main/AndroidManifest.xml:262:13-45
292            android:screenOrientation="portrait"
292-->src/main/AndroidManifest.xml:263:13-49
293            android:theme="@style/TicketPROTheme"
293-->src/main/AndroidManifest.xml:264:13-50
294            android:windowSoftInputMode="adjustPan" />
294-->src/main/AndroidManifest.xml:265:13-52
295        <activity
295-->src/main/AndroidManifest.xml:266:9-270:53
296            android:name="com.ticketpro.parking.activity.AddViolationActivity"
296-->src/main/AndroidManifest.xml:267:13-58
297            android:label="@string/app_name"
297-->src/main/AndroidManifest.xml:268:13-45
298            android:screenOrientation="portrait"
298-->src/main/AndroidManifest.xml:269:13-49
299            android:theme="@style/TicketPROTheme" />
299-->src/main/AndroidManifest.xml:270:13-50
300        <activity
300-->src/main/AndroidManifest.xml:271:9-275:69
301            android:name="com.ticketpro.parking.activity.UserSettingsActivity"
301-->src/main/AndroidManifest.xml:272:13-58
302            android:label="@string/app_name"
302-->src/main/AndroidManifest.xml:273:13-45
303            android:screenOrientation="portrait"
303-->src/main/AndroidManifest.xml:274:13-49
304            android:theme="@android:style/Theme.Black.NoTitleBar" />
304-->src/main/AndroidManifest.xml:275:13-66
305        <activity
305-->src/main/AndroidManifest.xml:276:9-280:69
306            android:name="com.ticketpro.parking.activity.PhotoChalkedMapViewActivity"
306-->src/main/AndroidManifest.xml:277:13-65
307            android:label="@string/app_name"
307-->src/main/AndroidManifest.xml:278:13-45
308            android:screenOrientation="portrait"
308-->src/main/AndroidManifest.xml:279:13-49
309            android:theme="@android:style/Theme.Black.NoTitleBar" />